<?xml version="1.0" encoding="UTF-8"?>
<testng-results skipped="0" failed="0" ignored="0" total="1" passed="1">
  <reporter-output>
  </reporter-output>
  <suite name="Default suite" duration-ms="13391" started-at="2020-01-25T19:21:59Z" finished-at="2020-01-25T19:22:12Z">
    <groups>
    </groups>
    <test name="Default test" duration-ms="13391" started-at="2020-01-25T19:21:59Z" finished-at="2020-01-25T19:22:12Z">
      <class name="Testing.TestRunner">
        <test-method status="PASS" signature="addProductToCart()[pri:0, instance:Testing.TestRunner@6d4b1c02]" name="addProductToCart" duration-ms="13367" started-at="2020-01-25T19:21:59Z" finished-at="2020-01-25T19:22:12Z">
          <reporter-output>
          </reporter-output>
        </test-method> <!-- addProductToCart -->
      </class> <!-- Testing.TestRunner -->
    </test> <!-- Default test -->
  </suite> <!-- Default suite -->
</testng-results>
